<?xml version="1.0" encoding="UTF-8"?>
<!-- Generated by org.testng.reporters.JUnitReportReporter -->
<testsuite hostname="Manjusha" failures="0" tests="1" name="Practice.I_RdPrmtrsFromXML" time="9.119" errors="0" timestamp="2021-05-23T17:26:45 IST" skipped="0">
  <testcase classname="Practice.I_RdPrmtrsFromXML" name="OpenGgl" time="9.119"/>
  <system-out/>
</testsuite> <!-- Practice.I_RdPrmtrsFromXML -->
