<?xml version="1.0" encoding="UTF-8"?>
<!-- Generated by org.testng.reporters.JUnitReportReporter -->
<testsuite hostname="Manjusha" failures="0" tests="7" name="Practice.H_DataProvider" time="0.019" errors="0" timestamp="2021-05-23T13:34:23 IST" skipped="0">
  <testcase classname="Practice.H_DataProvider" name="test1" time="0.002"/>
  <system-out/>
  <testcase classname="Practice.H_DataProvider" name="test2" time="0.001"/>
  <system-out/>
  <testcase classname="Practice.H_DataProvider" name="test1" time="0.008"/>
  <system-out/>
  <testcase classname="Practice.H_DataProvider" name="test1" time="0.001"/>
  <system-out/>
  <testcase classname="Practice.H_DataProvider" name="test1" time="0.002"/>
  <system-out/>
  <testcase classname="Practice.H_DataProvider" name="test2" time="0.003"/>
  <system-out/>
  <testcase classname="Practice.H_DataProvider" name="test2" time="0.002"/>
  <system-out/>
</testsuite> <!-- Practice.H_DataProvider -->
