<?xml version="1.0" encoding="UTF-8"?>
<!-- Generated by org.testng.reporters.JUnitReportReporter -->
<testsuite hostname="Manjusha" failures="0" tests="4" name="Practice.F_SkipTestCases" time="0.023" errors="0" timestamp="2021-05-22T16:11:18 IST" skipped="3">
  <testcase classname="Practice.F_SkipTestCases" name="run" time="0.016"/>
  <system-out/>
  <testcase classname="Practice.F_SkipTestCases" name="three" time="0.003">
    <skipped/>
  </testcase> <!-- three -->
  <system-out/>
  <testcase classname="Practice.F_SkipTestCases" name="two" time="0.004">
    <skipped/>
  </testcase> <!-- two -->
  <system-out/>
  <testcase classname="Practice.F_SkipTestCases" name="one">
    <skipped/>
  </testcase> <!-- one -->
  <system-out/>
</testsuite> <!-- Practice.F_SkipTestCases -->
