<?xml version="1.0" encoding="UTF-8"?>
<!-- Generated by org.testng.reporters.JUnitReportReporter -->
<testsuite hostname="Manjusha" failures="0" tests="1" name="Listeners.B_TestListenerScrnsht" time="0.011" errors="0" timestamp="2021-05-25T20:01:26 IST" skipped="0">
  <testcase classname="Listeners.B_TestListenerScrnsht" name="Test" time="0.011"/>
  <system-out/>
</testsuite> <!-- Listeners.B_TestListenerScrnsht -->
