<?xml version="1.0" encoding="UTF-8"?>
<!-- Generated by org.testng.reporters.JUnitReportReporter -->
<testsuite hostname="Manjusha" failures="0" tests="1" name="Practice.C_Assertions" time="17.217" errors="0" timestamp="2021-05-22T15:36:21 IST" skipped="0">
  <testcase classname="Practice.C_Assertions" name="TitleTest" time="17.217"/>
  <system-out/>
</testsuite> <!-- Practice.C_Assertions -->
