<?xml version="1.0" encoding="UTF-8"?>
<!-- Generated by org.testng.reporters.JUnitReportReporter -->
<testsuite hostname="Manjusha" failures="0" tests="4" name="Practice.H2_DataProviderRealTimeScenario" time="41.257" errors="0" timestamp="2021-05-23T14:30:43 IST" skipped="0">
  <testcase classname="Practice.H2_DataProviderRealTimeScenario" name="Exec" time="13.443"/>
  <system-out/>
  <testcase classname="Practice.H2_DataProviderRealTimeScenario" name="Exec" time="10.044"/>
  <system-out/>
  <testcase classname="Practice.H2_DataProviderRealTimeScenario" name="Exec" time="9.836"/>
  <system-out/>
  <testcase classname="Practice.H2_DataProviderRealTimeScenario" name="Exec" time="7.934"/>
  <system-out/>
</testsuite> <!-- Practice.H2_DataProviderRealTimeScenario -->
