<?xml version="1.0" encoding="UTF-8"?>
<!-- Generated by org.testng.reporters.JUnitReportReporter -->
<testsuite hostname="Manjusha" failures="0" tests="2" name="Practice.A_BasicTest" time="0.004" errors="0" timestamp="2021-05-22T15:36:21 IST" skipped="0">
  <testcase classname="Practice.A_BasicTest" name="bLogintst" time="0.002"/>
  <system-out/>
  <testcase classname="Practice.A_BasicTest" name="aLogouttst" time="0.002"/>
  <system-out/>
</testsuite> <!-- Practice.A_BasicTest -->
