<?xml version="1.0" encoding="UTF-8"?>
<!-- Generated by org.testng.reporters.JUnitReportReporter -->
<testsuite hostname="Manjusha" failures="0" tests="3" name="Practice.H3_DataPrvdrTest" time="0.012" errors="0" timestamp="2021-05-23T16:21:07 IST" skipped="0">
  <testcase classname="Practice.H3_DataPrvdrTest" name="Test1" time="0.001"/>
  <system-out/>
  <testcase classname="Practice.H3_DataPrvdrTest" name="Test1" time="0.009"/>
  <system-out/>
  <testcase classname="Practice.H3_DataPrvdrTest" name="Test1" time="0.002"/>
  <system-out/>
</testsuite> <!-- Practice.H3_DataPrvdrTest -->
