<?xml version="1.0" encoding="UTF-8"?>
<!-- Generated by org.testng.reporters.JUnitReportReporter -->
<testsuite hostname="Manjusha" failures="0" tests="1" name="Practice.zzzzz_prac" time="26.154" errors="0" timestamp="2021-05-22T15:08:50 IST" skipped="0">
  <testcase classname="Practice.zzzzz_prac" name="Login" time="26.154"/>
  <system-out/>
</testsuite> <!-- Practice.zzzzz_prac -->
