<?xml version="1.0" encoding="UTF-8"?>
<!-- Generated by org.testng.reporters.JUnitReportReporter -->
<testsuite hostname="Manjusha" failures="0" tests="2" name="Practice.B_B4TstAftTst_B4MethodAftMethod" time="0.014" errors="0" timestamp="2021-05-22T15:36:21 IST" skipped="0">
  <testcase classname="Practice.B_B4TstAftTst_B4MethodAftMethod" name="tst1" time="0.013"/>
  <system-out/>
  <testcase classname="Practice.B_B4TstAftTst_B4MethodAftMethod" name="tst2" time="0.001"/>
  <system-out/>
</testsuite> <!-- Practice.B_B4TstAftTst_B4MethodAftMethod -->
