<?xml version="1.0" encoding="UTF-8"?>
<!-- Generated by org.testng.reporters.JUnitReportReporter -->
<testsuite hostname="Manjusha" failures="0" tests="1" name="Practice.D_SoftAssert" time="19.723" errors="0" timestamp="2021-05-22T15:36:21 IST" skipped="0">
  <testcase classname="Practice.D_SoftAssert" name="softAssert" time="19.723"/>
  <system-out/>
</testsuite> <!-- Practice.D_SoftAssert -->
