<?xml version="1.0" encoding="UTF-8"?>
<!-- Generated by org.testng.reporters.JUnitReportReporter -->
<testsuite hostname="Manjusha" failures="0" tests="2" name="Practice.E_TestGroups" time="0.017" errors="0" timestamp="2021-05-22T15:42:22 IST" skipped="0">
  <testcase classname="Practice.E_TestGroups" name="Tst3" time="0.002"/>
  <system-out/>
  <testcase classname="Practice.E_TestGroups" name="Tst1" time="0.015"/>
  <system-out/>
</testsuite> <!-- Practice.E_TestGroups -->
