<?xml version="1.0" encoding="UTF-8"?>
<!-- Generated by org.testng.reporters.JUnitReportReporter -->
<testsuite hostname="Manjusha" failures="0" tests="2" name="B4SuiteAfterSuiteAnnotationsDemo.Test1" time="0.007" errors="0" timestamp="2021-05-22T17:26:20 IST" skipped="0">
  <testcase classname="B4SuiteAfterSuiteAnnotationsDemo.Test1" name="aone" time="0.005"/>
  <system-out/>
  <testcase classname="B4SuiteAfterSuiteAnnotationsDemo.Test1" name="btwo" time="0.002"/>
  <system-out/>
</testsuite> <!-- B4SuiteAfterSuiteAnnotationsDemo.Test1 -->
