<?xml version="1.0" encoding="UTF-8"?>
<!-- Generated by org.testng.reporters.JUnitReportReporter -->
<testsuite hostname="Manjusha" failures="0" tests="2" name="Practice.G_BeforeAfterClass_BeforeAfterGroup" time="0.006" errors="0" timestamp="2021-05-22T17:00:21 IST" skipped="0">
  <testcase classname="Practice.G_BeforeAfterClass_BeforeAfterGroup" name="cthree" time="0.001"/>
  <system-out/>
  <testcase classname="Practice.G_BeforeAfterClass_BeforeAfterGroup" name="btwo" time="0.005"/>
  <system-out/>
</testsuite> <!-- Practice.G_BeforeAfterClass_BeforeAfterGroup -->
